{
  service: 'default-service',
  dest: 'server',
  level: 'info',
  message: 'Server running on port 3000',
  timestamp: '2022-08-29T16:05:46.299Z'
}
{
  service: 'default-service',
  dest: 'server',
  level: 'info',
  message: 'Server running on port 3000',
  timestamp: '2022-08-29T16:06:08.047Z'
}
{
  service: 'default-service',
  dest: 'server',
  level: 'info',
  message: 'Server running on port 3000',
  timestamp: '2022-08-29T16:06:40.435Z'
}
{
  service: 'default-service',
  dest: 'server',
  level: 'info',
  message: 'Server running on port 3000',
  timestamp: '2022-08-29T16:06:49.235Z'
}
{
  service: 'default-service',
  dest: 'server',
  level: 'info',
  message: 'Server running on port 3000',
  timestamp: '2022-08-29T16:07:00.198Z'
}
